[debug] [2024-01-23T14:19:38.301Z] ----------------------------------------------------------------------
[debug] [2024-01-23T14:19:38.303Z] Command:       /opt/homebrew/Cellar/node/21.6.0/bin/node /opt/homebrew/bin/firebase init
[debug] [2024-01-23T14:19:38.303Z] CLI Version:   13.0.3
[debug] [2024-01-23T14:19:38.304Z] Platform:      darwin
[debug] [2024-01-23T14:19:38.304Z] Node Version:  v21.6.0
[debug] [2024-01-23T14:19:38.304Z] Time:          Tue Jan 23 2024 22:19:38 GMT+0800 (GMT+08:00)
[debug] [2024-01-23T14:19:38.304Z] ----------------------------------------------------------------------
[debug] 
[debug] [2024-01-23T14:19:38.305Z] >>> [apiv2][query] GET https://firebase-public.firebaseio.com/cli.json [none]
[debug] [2024-01-23T14:19:38.352Z] > command requires scopes: ["email","openid","https://www.googleapis.com/auth/cloudplatformprojects.readonly","https://www.googleapis.com/auth/firebase","https://www.googleapis.com/auth/cloud-platform"]
[debug] [2024-01-23T14:19:38.352Z] > authorizing via signed-in user (dtyago@gmail.com)
[info] 
     ######## #### ########  ######## ########     ###     ######  ########
     ##        ##  ##     ## ##       ##     ##  ##   ##  ##       ##
     ######    ##  ########  ######   ########  #########  ######  ######
     ##        ##  ##    ##  ##       ##     ## ##     ##       ## ##
     ##       #### ##     ## ######## ########  ##     ##  ######  ########

You're about to initialize a Firebase project in this directory:

  /Users/tyago/Workspace/zaipelajar-ux

Before we get started, keep in mind:

  * You are initializing within an existing Firebase project directory

[debug] [2024-01-23T14:19:39.159Z] <<< [apiv2][status] GET https://firebase-public.firebaseio.com/cli.json 200
[debug] [2024-01-23T14:19:39.160Z] <<< [apiv2][body] GET https://firebase-public.firebaseio.com/cli.json {"cloudBuildErrorAfter":1594252800000,"cloudBuildWarnAfter":1590019200000,"defaultNode10After":1594252800000,"minVersion":"3.0.5","node8DeploysDisabledAfter":1613390400000,"node8RuntimeDisabledAfter":1615809600000,"node8WarnAfter":1600128000000}
[info] 
=== Project Setup
[info] 
[info] First, let's associate this project directory with a Firebase project.
[info] You can create multiple project aliases by running firebase use --add, 
[info] but for now we'll just set up a default project.
[info] 
[debug] [2024-01-23T14:21:35.857Z] > refreshing access token with scopes: []
[debug] [2024-01-23T14:21:35.859Z] >>> [apiv2][query] POST https://www.googleapis.com/oauth2/v3/token [none]
[debug] [2024-01-23T14:21:35.859Z] >>> [apiv2][body] POST https://www.googleapis.com/oauth2/v3/token [omitted]
[debug] [2024-01-23T14:21:40.460Z] <<< [apiv2][status] POST https://www.googleapis.com/oauth2/v3/token 200
[debug] [2024-01-23T14:21:40.460Z] <<< [apiv2][body] POST https://www.googleapis.com/oauth2/v3/token [omitted]
[debug] [2024-01-23T14:21:40.477Z] >>> [apiv2][query] GET https://firebase.googleapis.com/v1beta1/projects pageSize=100
[debug] [2024-01-23T14:21:45.257Z] <<< [apiv2][status] GET https://firebase.googleapis.com/v1beta1/projects 200
[debug] [2024-01-23T14:21:45.257Z] <<< [apiv2][body] GET https://firebase.googleapis.com/v1beta1/projects [omitted]
[info] i  Using project zaipelajar (zaipelajar) 
[info] 
=== Hosting Setup
[debug] [2024-01-23T14:21:56.317Z] >>> [apiv2][query] GET https://firebase.googleapis.com/v1beta1/projects/zaipelajar [none]
[debug] [2024-01-23T14:22:00.848Z] <<< [apiv2][status] GET https://firebase.googleapis.com/v1beta1/projects/zaipelajar 200
[debug] [2024-01-23T14:22:00.848Z] <<< [apiv2][body] GET https://firebase.googleapis.com/v1beta1/projects/zaipelajar {"projectId":"zaipelajar","projectNumber":"561791706509","displayName":"zaipelajar","name":"projects/zaipelajar","resources":{"hostingSite":"zaipelajar"},"state":"ACTIVE","etag":"1_6c0ff471-2fe7-40f5-bc99-5d88b0e79217"}
[info] 
[info] Your public directory is the folder (relative to your project directory) that
[info] will contain Hosting assets to be uploaded with firebase deploy. If you
[info] have a build process for your assets, use your build's output directory.
[info] 
